e:\qt+vsapp\multi_kinect_fusion\x64\release\util.obj
e:\qt+vsapp\multi_kinect_fusion\x64\release\main.obj
e:\qt+vsapp\multi_kinect_fusion\x64\release\mainwindow.obj
e:\qt+vsapp\multi_kinect_fusion\x64\release\moc_mainwindow.obj
e:\qt+vsapp\multi_kinect_fusion\x64\release\glwidget.obj
e:\qt+vsapp\multi_kinect_fusion\x64\release\moc_glwidget.obj
e:\qt+vsapp\multi_kinect_fusion\x64\release\sacsvstream.obj
e:\qt+vsapp\multi_kinect_fusion\release\moc_predefs.h
e:\qt+vsapp\multi_kinect_fusion\generatedfiles\release\moc_glwidget.cpp
e:\qt+vsapp\multi_kinect_fusion\generatedfiles\release\moc_mainwindow.cpp
e:\qt+vsapp\multi_kinect_fusion\generatedfiles\ui_mainwindow.h
e:\qt+vsapp\multi_kinect_fusion\x64\release\multi_ki.92781203.tlog\cl.command.1.tlog
e:\qt+vsapp\multi_kinect_fusion\x64\release\multi_ki.92781203.tlog\cl.read.1.tlog
e:\qt+vsapp\multi_kinect_fusion\x64\release\multi_ki.92781203.tlog\cl.write.1.tlog
e:\qt+vsapp\multi_kinect_fusion\x64\release\multi_ki.92781203.tlog\custombuild.command.1.tlog
e:\qt+vsapp\multi_kinect_fusion\x64\release\multi_ki.92781203.tlog\custombuild.read.1.tlog
e:\qt+vsapp\multi_kinect_fusion\x64\release\multi_ki.92781203.tlog\custombuild.write.1.tlog
e:\qt+vsapp\multi_kinect_fusion\x64\release\multi_ki.92781203.tlog\link.command.1.tlog
e:\qt+vsapp\multi_kinect_fusion\x64\release\multi_ki.92781203.tlog\link.read.1.tlog
e:\qt+vsapp\multi_kinect_fusion\x64\release\multi_ki.92781203.tlog\link.write.1.tlog
e:\qt+vsapp\multi_kinect_fusion\x64\release\multi_ki.92781203.tlog\multi_kinect_fusion.write.1u.tlog
